<?xml version="1.0" encoding="UTF-8"?>
<testsuite xmlns:xsi="http://www.w3.org/2001/XMLSchema-instance" xsi:noNamespaceSchemaLocation="https://maven.apache.org/surefire/maven-surefire-plugin/xsd/surefire-test-report-3.0.xsd" version="3.0" name="org.example.adaptadores.arcondicionado.ArCondicionadoVentoBaumnAdaptadorTest" time="0.006" tests="7" errors="0" skipped="0" failures="0">
  <properties>
[...]
</properties>
  <testcase name="temperaturaInicial_deveSer24" classname="org.example.adaptadores.arcondicionado.ArCondicionadoVentoBaumnAdaptadorTest" time="0.001"/>
  <testcase name="desligar_deveDesligarOAparelho" classname="org.example.adaptadores.arcondicionado.ArCondicionadoVentoBaumnAdaptadorTest" time="0.0">
    <system-out><![CDATA[[Ar-condicionado VentoBaumn] Ligado com sucesso.
[Ar-condicionado VentoBaumn] Desligado com sucesso.
]]></system-out>
  </testcase>
  <testcase name="diminuirTemperatura_deveDecrementarEm1" classname="org.example.adaptadores.arcondicionado.ArCondicionadoVentoBaumnAdaptadorTest" time="0.001">
    <system-out><![CDATA[[Ar-condicionado VentoBaumn] Ligado com sucesso.
[Ar-condicionado VentoBaumn] Temperatura diminuída para 23°C.
]]></system-out>
  </testcase>
  <testcase name="definirTemperatura_semEstarLigado_deveLancarExcecao" classname="org.example.adaptadores.arcondicionado.ArCondicionadoVentoBaumnAdaptadorTest" time="0.003"/>
  <testcase name="ligar_deveLigarOAparelho" classname="org.example.adaptadores.arcondicionado.ArCondicionadoVentoBaumnAdaptadorTest" time="0.0">
    <system-out><![CDATA[[Ar-condicionado VentoBaumn] Ligado com sucesso.
]]></system-out>
  </testcase>
  <testcase name="definirTemperatura_deveAlterarATemperatura" classname="org.example.adaptadores.arcondicionado.ArCondicionadoVentoBaumnAdaptadorTest" time="0.0">
    <system-out><![CDATA[[Ar-condicionado VentoBaumn] Ligado com sucesso.
[Ar-condicionado VentoBaumn] Temperatura definida para 20°C.
]]></system-out>
  </testcase>
  <testcase name="aumentarTemperatura_deveIncrementarEm1" classname="org.example.adaptadores.arcondicionado.ArCondicionadoVentoBaumnAdaptadorTest" time="0.0">
    <system-out><![CDATA[[Ar-condicionado VentoBaumn] Ligado com sucesso.
[Ar-condicionado VentoBaumn] Temperatura aumentada para 25°C.
]]></system-out>
  </testcase>
</testsuite>